<?xml version="1.0" encoding="UTF-8"?>
<!-- Generated by org.testng.reporters.JUnitXMLReporter -->
<testsuite ignored="19" hostname="DESKTOP-RIAOKFJ" failures="0" tests="4" name="Test" time="11.613" errors="0" timestamp="2022-07-12T21:07:08 CDT">
  <testcase classname="VITSExcercises.Excercises.Excercise7" name="selectBrowser" time="3.127"/>
  <testcase classname="VITSExcercises.Excercises.Excercise7" name="Launch" time="2.569"/>
  <testcase classname="VITSExcercises.Excercises.Excercise7" name="GmailLogin" time="2.704"/>
  <testcase classname="VITSExcercises.Excercises.Excercise7" name="composeMail" time="2.461"/>
  <testcase classname="VITSExcercises.Excercises.Excercise5" name="registration" time="0.0">
    <ignored/>
  </testcase> <!-- registration -->
  <testcase classname="VITSExcercises.Excercises.Excercise4" name="ebay" time="0.0">
    <ignored/>
  </testcase> <!-- ebay -->
  <testcase classname="VITSExcercises.Excercises.Excercise6" name="DragandDrop" time="0.0">
    <ignored/>
  </testcase> <!-- DragandDrop -->
  <testcase classname="VITSExcercises.Excercises.Excercise6" name="Launch" time="0.0">
    <ignored/>
  </testcase> <!-- Launch -->
  <testcase classname="VITSExcercises.Excercises.Excercise6" name="selectBrowser" time="0.0">
    <ignored/>
  </testcase> <!-- selectBrowser -->
  <testcase classname="VITSExcercises.Excercises.Excercise5" name="selectBrowser" time="0.0">
    <ignored/>
  </testcase> <!-- selectBrowser -->
  <testcase classname="VITSExcercises.Excercises.Excercise6" name="VerifyDrop" time="0.0">
    <ignored/>
  </testcase> <!-- VerifyDrop -->
  <testcase classname="VITSExcercises.Excercises.Excercise4" name="search" time="0.0">
    <ignored/>
  </testcase> <!-- search -->
  <testcase classname="VITSExcercises.Excercises.Excercise4" name="selectBrowser" time="0.0">
    <ignored/>
  </testcase> <!-- selectBrowser -->
  <testcase classname="VITSExcercises.Excercises.Excercise3" name="printLinksURLsHomePage" time="0.0">
    <ignored/>
  </testcase> <!-- printLinksURLsHomePage -->
  <testcase classname="VITSExcercises.Excercises.Excercise3" name="selectBrowser" time="0.0">
    <ignored/>
  </testcase> <!-- selectBrowser -->
  <testcase classname="VITSExcercises.Excercises.Excercise2" name="checkTitle" time="0.0">
    <ignored/>
  </testcase> <!-- checkTitle -->
  <testcase classname="VITSExcercises.Excercises.Excercise2" name="createAccount" time="0.0">
    <ignored/>
  </testcase> <!-- createAccount -->
  <testcase classname="VITSExcercises.Excercises.Excercise1" name="checkTitle" time="0.0">
    <ignored/>
  </testcase> <!-- checkTitle -->
  <testcase classname="VITSExcercises.Excercises.Excercise3" name="noOfLinksHomePage" time="0.0">
    <ignored/>
  </testcase> <!-- noOfLinksHomePage -->
  <testcase classname="VITSExcercises.Excercises.Excercise5" name="login" time="0.0">
    <ignored/>
  </testcase> <!-- login -->
  <testcase classname="VITSExcercises.Excercises.Excercise1" name="navigationTest" time="0.0">
    <ignored/>
  </testcase> <!-- navigationTest -->
  <testcase classname="VITSExcercises.Excercises.Excercise5" name="vitsHR" time="0.0">
    <ignored/>
  </testcase> <!-- vitsHR -->
  <testcase classname="VITSExcercises.Excercises.Excercise3" name="flipkart" time="0.0">
    <ignored/>
  </testcase> <!-- flipkart -->
</testsuite> <!-- Test -->
